{"type":"GAME_START","timestamp":1769780686048,"players":["J1","J2","J3"]}
{"type":"ROUND_START","timestamp":1769780686051,"round":1,"dealer":"J1"}
{"type":"DRAW","timestamp":1769780686052,"player":"J1","card":"#5","meta":{"phase":"INITIAL_DEAL"}}
{"type":"DRAW","timestamp":1769780686053,"player":"J2","card":"#7","meta":{"phase":"INITIAL_DEAL"}}
{"type":"DRAW","timestamp":1769780686053,"player":"J3","card":"#11","meta":{"phase":"INITIAL_DEAL"}}
{"type":"CHOICE","timestamp":1769780687573,"player":"J1","choice":"h"}
{"type":"DRAW","timestamp":1769780687574,"player":"J1","card":"#4","meta":{"phase":"HIT"}}
{"type":"CHOICE","timestamp":1769780687828,"player":"J2","choice":"h"}
{"type":"DRAW","timestamp":1769780687828,"player":"J2","card":"+6","meta":{"phase":"HIT"}}
{"type":"CHOICE","timestamp":1769780688081,"player":"J3","choice":"h"}
{"type":"DRAW","timestamp":1769780688081,"player":"J3","card":"#12","meta":{"phase":"HIT"}}
{"type":"CHOICE","timestamp":1769780688480,"player":"J1","choice":"h"}
{"type":"DRAW","timestamp":1769780688480,"player":"J1","card":"#8","meta":{"phase":"HIT"}}
{"type":"CHOICE","timestamp":1769780689082,"player":"J2","choice":"s"}
{"type":"CHOICE","timestamp":1769780689447,"player":"J3","choice":"s"}
{"type":"CHOICE","timestamp":1769780689792,"player":"J1","choice":"s"}
{"type":"ROUND_END","timestamp":1769780689794,"dealer":"J1","endedByFlip7":false}
{"type":"ROUND_SCORE","timestamp":1769780689795,"player":"J1","gained":17,"total":17}
{"type":"ROUND_SCORE","timestamp":1769780689795,"player":"J2","gained":13,"total":13}
{"type":"ROUND_SCORE","timestamp":1769780689795,"player":"J3","gained":23,"total":23}
{"type":"ROUND_START","timestamp":1769780689796,"round":2,"dealer":"J2"}
{"type":"DRAW","timestamp":1769780689796,"player":"J2","card":"#9","meta":{"phase":"INITIAL_DEAL"}}
{"type":"DRAW","timestamp":1769780689797,"player":"J3","card":"#5","meta":{"phase":"INITIAL_DEAL"}}
{"type":"DRAW","timestamp":1769780689797,"player":"J1","card":"+2","meta":{"phase":"INITIAL_DEAL"}}
{"type":"CHOICE","timestamp":1769780690304,"player":"J2","choice":"s"}
{"type":"CHOICE","timestamp":1769780691027,"player":"J3","choice":"s"}
{"type":"CHOICE","timestamp":1769780691619,"player":"J1","choice":"h"}
{"type":"DRAW","timestamp":1769780691619,"player":"J1","card":"#6","meta":{"phase":"HIT"}}
{"type":"CHOICE","timestamp":1769780692186,"player":"J1","choice":"h"}
{"type":"DRAW","timestamp":1769780692186,"player":"J1","card":"x2","meta":{"phase":"HIT"}}
{"type":"CHOICE","timestamp":1769780694770,"player":"J1","choice":"s"}
{"type":"ROUND_END","timestamp":1769780694771,"dealer":"J2","endedByFlip7":false}
{"type":"ROUND_SCORE","timestamp":1769780694773,"player":"J1","gained":14,"total":31}
{"type":"ROUND_SCORE","timestamp":1769780694773,"player":"J2","gained":9,"total":22}
{"type":"ROUND_SCORE","timestamp":1769780694773,"player":"J3","gained":5,"total":28}
{"type":"ROUND_START","timestamp":1769780694774,"round":3,"dealer":"J3"}
{"type":"DRAW","timestamp":1769780694774,"player":"J3","card":"#11","meta":{"phase":"INITIAL_DEAL"}}
{"type":"DRAW","timestamp":1769780694774,"player":"J1","card":"#12","meta":{"phase":"INITIAL_DEAL"}}
{"type":"DRAW","timestamp":1769780694775,"player":"J2","card":"SECOND_CHANCE","meta":{"phase":"INITIAL_DEAL"}}
{"type":"ACTION_SECOND_CHANCE_TAKEN","timestamp":1769780694775,"player":"J2"}
{"type":"DRAW","timestamp":1769780694776,"player":"J2","card":"#12","meta":{"forcedBy":"SECOND_CHANCE"}}
