{"type":"GAME_START","timestamp":1769780453428,"players":["J1","J2"]}
{"type":"ROUND_START","timestamp":1769780453430,"round":1,"dealer":"J1"}
{"type":"DRAW","timestamp":1769780453431,"player":"J1","card":"FLIP_THREE","meta":{"phase":"INITIAL_DEAL"}}
{"type":"ACTION_FLIP_THREE","timestamp":1769780453432,"receiver":"J1"}
{"type":"DRAW","timestamp":1769780453432,"player":"J1","card":"#5","meta":{"forcedByFlipThree":true}}
{"type":"DRAW","timestamp":1769780453432,"player":"J1","card":"#8","meta":{"forcedByFlipThree":true}}
{"type":"DRAW","timestamp":1769780453433,"player":"J1","card":"#8","meta":{"forcedByFlipThree":true}}
{"type":"BUST_DUPLICATE","timestamp":1769780453433,"player":"J1","duplicate":8}
{"type":"DRAW","timestamp":1769780453433,"player":"J2","card":"#7","meta":{"phase":"INITIAL_DEAL"}}
{"type":"CHOICE","timestamp":1769780461777,"player":"J2","choice":"s"}
{"type":"ROUND_END","timestamp":1769780461777,"dealer":"J1","endedByFlip7":false}
{"type":"ROUND_SCORE","timestamp":1769780461778,"player":"J1","gained":0,"total":0}
{"type":"ROUND_SCORE","timestamp":1769780461778,"player":"J2","gained":7,"total":7}
{"type":"ROUND_START","timestamp":1769780461778,"round":2,"dealer":"J2"}
{"type":"DRAW","timestamp":1769780461779,"player":"J2","card":"#12","meta":{"phase":"INITIAL_DEAL"}}
{"type":"DRAW","timestamp":1769780461779,"player":"J1","card":"#9","meta":{"phase":"INITIAL_DEAL"}}
{"type":"CHOICE","timestamp":1769780462071,"player":"J2","choice":"s"}
{"type":"CHOICE","timestamp":1769780462693,"player":"J1","choice":"s"}
{"type":"ROUND_END","timestamp":1769780462693,"dealer":"J2","endedByFlip7":false}
{"type":"ROUND_SCORE","timestamp":1769780462694,"player":"J1","gained":9,"total":9}
{"type":"ROUND_SCORE","timestamp":1769780462694,"player":"J2","gained":12,"total":19}
{"type":"ROUND_START","timestamp":1769780462694,"round":3,"dealer":"J1"}
{"type":"DRAW","timestamp":1769780462694,"player":"J1","card":"#12","meta":{"phase":"INITIAL_DEAL"}}
{"type":"DRAW","timestamp":1769780462695,"player":"J2","card":"#6","meta":{"phase":"INITIAL_DEAL"}}
{"type":"CHOICE","timestamp":1769780463173,"player":"J1","choice":"s"}
{"type":"CHOICE","timestamp":1769780463613,"player":"J2","choice":"s"}
{"type":"ROUND_END","timestamp":1769780463613,"dealer":"J1","endedByFlip7":false}
{"type":"ROUND_SCORE","timestamp":1769780463613,"player":"J1","gained":12,"total":21}
{"type":"ROUND_SCORE","timestamp":1769780463613,"player":"J2","gained":6,"total":25}
{"type":"ROUND_START","timestamp":1769780463614,"round":4,"dealer":"J2"}
{"type":"DRAW","timestamp":1769780463614,"player":"J2","card":"#11","meta":{"phase":"INITIAL_DEAL"}}
{"type":"DRAW","timestamp":1769780463614,"player":"J1","card":"#6","meta":{"phase":"INITIAL_DEAL"}}
