{"type":"GAME_START","timestamp":1769705533748,"players":["J1","J2"]}
{"type":"ROUND_START","timestamp":1769705533753,"round":1,"dealer":"J1"}
{"type":"DRAW","timestamp":1769705533754,"player":"J1","card":"#8","meta":{"phase":"INITIAL_DEAL"}}
{"type":"DRAW","timestamp":1769705533755,"player":"J2","card":"#12","meta":{"phase":"INITIAL_DEAL"}}
{"type":"CHOICE","timestamp":1769705541542,"player":"J1","choice":"h"}
{"type":"DRAW","timestamp":1769705541543,"player":"J1","card":"#12","meta":{"phase":"HIT"}}
{"type":"CHOICE","timestamp":1769705543562,"player":"J2","choice":"h"}
{"type":"DRAW","timestamp":1769705543563,"player":"J2","card":"#12","meta":{"phase":"HIT"}}
{"type":"BUST_DUPLICATE","timestamp":1769705543564,"player":"J2","duplicate":12}
{"type":"CHOICE","timestamp":1769705549635,"player":"J1","choice":"h"}
{"type":"DRAW","timestamp":1769705549636,"player":"J1","card":"#5","meta":{"phase":"HIT"}}
{"type":"CHOICE","timestamp":1769705550319,"player":"J1","choice":"h"}
{"type":"DRAW","timestamp":1769705550319,"player":"J1","card":"#8","meta":{"phase":"HIT"}}
{"type":"BUST_DUPLICATE","timestamp":1769705550319,"player":"J1","duplicate":8}
{"type":"ROUND_END","timestamp":1769705550320,"dealer":"J1","endedByFlip7":false}
{"type":"ROUND_SCORE","timestamp":1769705550322,"player":"J1","gained":0,"total":0}
{"type":"ROUND_SCORE","timestamp":1769705550322,"player":"J2","gained":0,"total":0}
{"type":"ROUND_START","timestamp":1769705550323,"round":2,"dealer":"J2"}
{"type":"DRAW","timestamp":1769705550323,"player":"J2","card":"#10","meta":{"phase":"INITIAL_DEAL"}}
{"type":"DRAW","timestamp":1769705550324,"player":"J1","card":"#6","meta":{"phase":"INITIAL_DEAL"}}
{"type":"CHOICE","timestamp":1769705788811,"player":"J2","choice":"h"}
{"type":"DRAW","timestamp":1769705788811,"player":"J2","card":"#6","meta":{"phase":"HIT"}}
{"type":"CHOICE","timestamp":1769705790275,"player":"J1","choice":"h"}
{"type":"DRAW","timestamp":1769705790275,"player":"J1","card":"#8","meta":{"phase":"HIT"}}
{"type":"CHOICE","timestamp":1769705792196,"player":"J2","choice":"h"}
{"type":"DRAW","timestamp":1769705792196,"player":"J2","card":"#11","meta":{"phase":"HIT"}}
{"type":"CHOICE","timestamp":1769705792787,"player":"J1","choice":"h"}
{"type":"DRAW","timestamp":1769705792787,"player":"J1","card":"FLIP_THREE","meta":{"phase":"HIT"}}
{"type":"ACTION_FLIP_THREE","timestamp":1769705792788,"receiver":"J1"}
{"type":"DRAW","timestamp":1769705792789,"player":"J1","card":"SECOND_CHANCE","meta":{"forcedByFlipThree":true}}
{"type":"ACTION_SECOND_CHANCE_TAKEN","timestamp":1769705792790,"player":"J1"}
{"type":"DRAW","timestamp":1769705792790,"player":"J1","card":"#11","meta":{"forcedBy":"SECOND_CHANCE"}}
{"type":"DRAW","timestamp":1769705792790,"player":"J1","card":"#11","meta":{"forcedByFlipThree":true}}
{"type":"SECOND_CHANCE_USED","timestamp":1769705792791,"player":"J1","duplicate":11}
{"type":"DRAW","timestamp":1769705792791,"player":"J1","card":"#2","meta":{"forcedByFlipThree":true}}
{"type":"CHOICE","timestamp":1769705803182,"player":"J2","choice":"h"}
{"type":"DRAW","timestamp":1769705803182,"player":"J2","card":"#9","meta":{"phase":"HIT"}}
{"type":"CHOICE","timestamp":1769705803895,"player":"J1","choice":"h"}
{"type":"DRAW","timestamp":1769705803895,"player":"J1","card":"#12","meta":{"phase":"HIT"}}
{"type":"CHOICE","timestamp":1769705804505,"player":"J2","choice":"h"}
{"type":"DRAW","timestamp":1769705804505,"player":"J2","card":"#5","meta":{"phase":"HIT"}}
{"type":"CHOICE","timestamp":1769705804946,"player":"J1","choice":"h"}
{"type":"DRAW","timestamp":1769705804946,"player":"J1","card":"#7","meta":{"phase":"HIT"}}
{"type":"CHOICE","timestamp":1769705805419,"player":"J2","choice":"h"}
{"type":"DRAW","timestamp":1769705805419,"player":"J2","card":"#11","meta":{"phase":"HIT"}}
{"type":"BUST_DUPLICATE","timestamp":1769705805420,"player":"J2","duplicate":11}
{"type":"CHOICE","timestamp":1769705806784,"player":"J1","choice":"h"}
{"type":"DRAW","timestamp":1769705806784,"player":"J1","card":"#6","meta":{"phase":"HIT"}}
{"type":"BUST_DUPLICATE","timestamp":1769705806785,"player":"J1","duplicate":6}
{"type":"ROUND_END","timestamp":1769705806786,"dealer":"J2","endedByFlip7":false}
{"type":"ROUND_SCORE","timestamp":1769705806786,"player":"J1","gained":0,"total":0}
{"type":"ROUND_SCORE","timestamp":1769705806786,"player":"J2","gained":0,"total":0}
{"type":"ROUND_START","timestamp":1769705806787,"round":3,"dealer":"J1"}
{"type":"DRAW","timestamp":1769705806787,"player":"J1","card":"#9","meta":{"phase":"INITIAL_DEAL"}}
{"type":"DRAW","timestamp":1769705806787,"player":"J2","card":"#10","meta":{"phase":"INITIAL_DEAL"}}
{"type":"CHOICE","timestamp":1769705807482,"player":"J1","choice":"h"}
{"type":"DRAW","timestamp":1769705807482,"player":"J1","card":"#8","meta":{"phase":"HIT"}}
