{"type":"GAME_START","timestamp":1769695103815,"players":["lou","clara","pc","table","ouioui"]}
{"type":"ROUND_START","timestamp":1769695103817,"round":1,"dealer":"lou"}
{"type":"DRAW","timestamp":1769695103818,"player":"lou","card":"+6","meta":{"phase":"INITIAL_DEAL"}}
{"type":"DRAW","timestamp":1769695103818,"player":"clara","card":"#8","meta":{"phase":"INITIAL_DEAL"}}
{"type":"DRAW","timestamp":1769695103819,"player":"pc","card":"#3","meta":{"phase":"INITIAL_DEAL"}}
{"type":"DRAW","timestamp":1769695103820,"player":"table","card":"#12","meta":{"phase":"INITIAL_DEAL"}}
{"type":"DRAW","timestamp":1769695103820,"player":"ouioui","card":"FREEZE","meta":{"phase":"INITIAL_DEAL"}}
{"type":"ACTION_FREEZE","timestamp":1769695103821,"receiver":"ouioui"}
{"type":"CHOICE","timestamp":1769695132284,"player":"lou","choice":"s"}
{"type":"CHOICE","timestamp":1769695135962,"player":"clara","choice":"h"}
{"type":"DRAW","timestamp":1769695135963,"player":"clara","card":"#9","meta":{"phase":"HIT"}}
{"type":"CHOICE","timestamp":1769695175058,"player":"pc","choice":"s"}
{"type":"CHOICE","timestamp":1769695176336,"player":"table","choice":"s"}
{"type":"CHOICE","timestamp":1769695176802,"player":"clara","choice":"h"}
{"type":"DRAW","timestamp":1769695176802,"player":"clara","card":"#9","meta":{"phase":"HIT"}}
{"type":"BUST_DUPLICATE","timestamp":1769695176803,"player":"clara","duplicate":9}
{"type":"ROUND_END","timestamp":1769695176804,"dealer":"lou","endedByFlip7":false}
{"type":"ROUND_SCORE","timestamp":1769695176804,"player":"lou","gained":6,"total":6}
{"type":"ROUND_SCORE","timestamp":1769695176804,"player":"clara","gained":0,"total":0}
{"type":"ROUND_SCORE","timestamp":1769695176804,"player":"pc","gained":3,"total":3}
{"type":"ROUND_SCORE","timestamp":1769695176805,"player":"table","gained":12,"total":12}
{"type":"ROUND_SCORE","timestamp":1769695176805,"player":"ouioui","gained":0,"total":0}
{"type":"ROUND_START","timestamp":1769695176806,"round":2,"dealer":"clara"}
{"type":"DRAW","timestamp":1769695176806,"player":"clara","card":"#12","meta":{"phase":"INITIAL_DEAL"}}
{"type":"DRAW","timestamp":1769695176806,"player":"pc","card":"+2","meta":{"phase":"INITIAL_DEAL"}}
{"type":"DRAW","timestamp":1769695176806,"player":"table","card":"#5","meta":{"phase":"INITIAL_DEAL"}}
{"type":"DRAW","timestamp":1769695176807,"player":"ouioui","card":"FLIP_THREE","meta":{"phase":"INITIAL_DEAL"}}
{"type":"ACTION_FLIP_THREE","timestamp":1769695176807,"receiver":"ouioui"}
{"type":"DRAW","timestamp":1769695176807,"player":"ouioui","card":"#6","meta":{"forcedByFlipThree":true}}
{"type":"DRAW","timestamp":1769695176807,"player":"ouioui","card":"#7","meta":{"forcedByFlipThree":true}}
{"type":"DRAW","timestamp":1769695176807,"player":"ouioui","card":"#10","meta":{"forcedByFlipThree":true}}
{"type":"DRAW","timestamp":1769695176807,"player":"lou","card":"FREEZE","meta":{"phase":"INITIAL_DEAL"}}
{"type":"ACTION_FREEZE","timestamp":1769695176808,"receiver":"lou"}
